Loading cineca-ai/4.3.0
  Loading requirement: cuda/12.1 nccl/2.19.1-1--gcc--12.2.0-cuda-12.1
    cudnn/8.9.7.29-12--gcc--12.2.0-cuda-12.1 gcc/12.2.0-binut2.41
    openmpi/4.1.6--gcc--12.2.0 bzip2/1.0.8-gp5wcz5 libmd/1.0.4-wja3f5q
    libbsd/0.11.7-cgxjopl expat/2.5.0-bptl3xw ncurses/6.4-asx3jea
    readline/8.2-nyw6mp6 gdbm/1.23-fs6otck libiconv/1.17-d7yvx2s
    xz/5.4.1-hubmwr5 zlib-ng/2.1.4-6htiapk libxml2/2.10.3-5eeeokp
    pigz/2.7-bopr5vp zstd/1.5.5-gawytfl tar/1.34-amqus5s gettext/0.22.3-2g7elif
    libffi/3.4.4-6r7brdq libxcrypt/4.4.35-ss2rzin sqlite/3.43.2
    util-linux-uuid/2.38.1-jkdi7kv python/3.11.6--gcc--8.5.0 cmake/3.27.7
    openjdk/11.0.20.1_1
Temporal window: T=16, stride=4
Temporal window: T=16, stride=4
Temporal window: T=16, stride=4
Temporal window: T=16, stride=4
Temporal window: T=16, stride=4
Temporal window: T=16, stride=4
Temporal window: T=16, stride=4
Temporal window: T=16, stride=4
Temporal window: T=16, stride=4
Temporal window: T=16, stride=4
Temporal window: T=16, stride=4
Temporal window: T=16, stride=4
Temporal window: T=16, stride=4
Temporal window: T=16, stride=4
Temporal window: T=16, stride=4
Temporal window: T=16, stride=4
[INFO] rank 0/16 device=cuda:0
[INFO] batch_size per GPU=128 (global=2048)
[INFO] lr scaled from 0.0005 to 0.008 for world_size=16
Logging metrics to outputs/runs/exp_x3dm_dsnt_3/training_log.csv
[Epoch 1] train: L=66.8343 (hm=64.3569, pr=2.4775, peak=4.1559)
[Epoch 1] elapsed: 102.3s
[Epoch 2] train: L=62.4186 (hm=60.0605, pr=2.3581, peak=3.9307)
[Epoch 2] elapsed: 56.6s
[Epoch 3] train: L=6.6338 (hm=4.6604, pr=1.9734, peak=3.2535)
[Epoch 3] elapsed: 53.1s
[Epoch 4] train: L=2.7343 (hm=0.9793, pr=1.7550, peak=2.8687)
[Epoch 4] elapsed: 51.0s
[Epoch 5] train: L=1.9121 (hm=0.3712, pr=1.5409, peak=2.4833)
[Epoch 5] elapsed: 50.5s
[Epoch 6] train: L=1.5500 (hm=0.2366, pr=1.3135, peak=2.0261)
[Epoch 6] elapsed: 52.1s
[Epoch 7] train: L=1.2103 (hm=0.1189, pr=1.0914, peak=1.5306)
[Epoch 7] elapsed: 52.1s
[Epoch 8] train: L=0.9865 (hm=0.1030, pr=0.8836, peak=0.9673)
[Epoch 8] elapsed: 52.3s
[Epoch 9] train: L=0.8185 (hm=0.0878, pr=0.7307, peak=0.3755)
[Epoch 9] elapsed: 51.0s
[Epoch 10] train: L=0.7194 (hm=0.0593, pr=0.6601, peak=-0.1522)
          val:  L=19.3094 (hm=18.6394, pr=0.6700)
[Epoch 10] saving BEST checkpoint to outputs/runs/exp_x3dm_dsnt_3/best.ckpt ...
[Epoch 10] best checkpoint saved in 0.06s
[Epoch 10] elapsed: 107.2s
[Epoch 11] train: L=0.6988 (hm=0.0518, pr=0.6471, peak=-0.4765)
[Epoch 11] elapsed: 51.6s
[Epoch 12] train: L=0.6871 (hm=0.0457, pr=0.6414, peak=-0.5684)
[Epoch 12] elapsed: 52.9s
[Epoch 13] train: L=0.6672 (hm=0.0384, pr=0.6288, peak=-0.5084)
[Epoch 13] elapsed: 50.6s
[Epoch 14] train: L=0.6589 (hm=0.0439, pr=0.6150, peak=-0.4174)
[Epoch 14] elapsed: 50.5s
[Epoch 15] train: L=0.6385 (hm=0.0388, pr=0.5997, peak=-0.3683)
[Epoch 15] elapsed: 51.7s
[Epoch 16] train: L=0.6260 (hm=0.0446, pr=0.5814, peak=-0.3668)
[Epoch 16] elapsed: 51.0s
[Epoch 17] train: L=0.5932 (hm=0.0363, pr=0.5569, peak=-0.3953)
[Epoch 17] elapsed: 51.1s
[Epoch 18] train: L=0.5835 (hm=0.0553, pr=0.5282, peak=-0.4302)
[Epoch 18] elapsed: 50.8s
[Epoch 19] train: L=0.5532 (hm=0.0548, pr=0.4984, peak=-0.4583)
[Epoch 19] elapsed: 51.1s
[Epoch 20] train: L=0.5259 (hm=0.0596, pr=0.4664, peak=-0.4779)
          val:  L=16.3205 (hm=15.6947, pr=0.6259)
[Epoch 20] saving BEST checkpoint to outputs/runs/exp_x3dm_dsnt_3/best.ckpt ...
[Epoch 20] best checkpoint saved in 0.05s
[Epoch 20] elapsed: 74.3s
[Epoch 21] train: L=0.5026 (hm=0.0703, pr=0.4322, peak=-0.5128)
[Epoch 21] elapsed: 49.1s
[Epoch 22] train: L=0.4473 (hm=0.0508, pr=0.3966, peak=-0.5547)
[Epoch 22] elapsed: 51.7s
[Epoch 23] train: L=0.4178 (hm=0.0559, pr=0.3620, peak=-0.6014)
[Epoch 23] elapsed: 52.0s
[Epoch 24] train: L=0.3807 (hm=0.0495, pr=0.3312, peak=-0.6401)
[Epoch 24] elapsed: 53.2s
[Epoch 25] train: L=0.3596 (hm=0.0525, pr=0.3072, peak=-0.6769)
[Epoch 25] elapsed: 50.0s
[Epoch 26] train: L=0.3312 (hm=0.0470, pr=0.2842, peak=-0.7279)
[Epoch 26] elapsed: 50.3s
[Epoch 27] train: L=0.3042 (hm=0.0385, pr=0.2657, peak=-0.7793)
[Epoch 27] elapsed: 51.1s
[Epoch 28] train: L=0.2958 (hm=0.0440, pr=0.2519, peak=-0.8215)
[Epoch 28] elapsed: 51.0s
[Epoch 29] train: L=0.2837 (hm=0.0437, pr=0.2401, peak=-0.8328)
[Epoch 29] elapsed: 49.2s
[Epoch 30] train: L=0.2719 (hm=0.0394, pr=0.2325, peak=-0.8662)
          val:  L=18.8398 (hm=18.2092, pr=0.6306)
[Epoch 30] no val improvement (18.8398 >= 16.3205); checkpoint not saved
[Epoch 30] elapsed: 73.5s
[Epoch 31] train: L=0.2728 (hm=0.0493, pr=0.2236, peak=-0.9000)
[Epoch 31] elapsed: 50.3s
[Epoch 32] train: L=0.2475 (hm=0.0294, pr=0.2181, peak=-0.9108)
[Epoch 32] elapsed: 51.1s
[Epoch 33] train: L=0.2430 (hm=0.0309, pr=0.2121, peak=-0.9560)
[Epoch 33] elapsed: 50.8s
[Epoch 34] train: L=0.2378 (hm=0.0299, pr=0.2080, peak=-0.9583)
[Epoch 34] elapsed: 51.3s
[Epoch 35] train: L=0.2307 (hm=0.0271, pr=0.2036, peak=-0.9704)
[Epoch 35] elapsed: 51.7s
[Epoch 36] train: L=0.2241 (hm=0.0229, pr=0.2011, peak=-0.9673)
[Epoch 36] elapsed: 50.7s
[Epoch 37] train: L=0.2187 (hm=0.0205, pr=0.1982, peak=-0.9750)
[Epoch 37] elapsed: 50.1s
[Epoch 38] train: L=0.2109 (hm=0.0156, pr=0.1953, peak=-0.9863)
[Epoch 38] elapsed: 51.3s
[Epoch 39] train: L=0.2077 (hm=0.0139, pr=0.1938, peak=-0.9973)
[Epoch 39] elapsed: 50.1s
[Epoch 40] train: L=0.2023 (hm=0.0100, pr=0.1923, peak=-0.9914)
          val:  L=18.6558 (hm=18.0488, pr=0.6069)
[Epoch 40] no val improvement (18.6558 >= 16.3205); checkpoint not saved
[Epoch 40] elapsed: 73.1s
[Epoch 41] train: L=0.2100 (hm=0.0201, pr=0.1899, peak=-1.0049)
[Epoch 41] elapsed: 49.3s
[Epoch 42] train: L=0.2127 (hm=0.0225, pr=0.1902, peak=-0.9804)
[Epoch 42] elapsed: 48.9s
[Epoch 43] train: L=0.2137 (hm=0.0248, pr=0.1888, peak=-0.9536)
[Epoch 43] elapsed: 50.3s
[Epoch 44] train: L=0.2027 (hm=0.0148, pr=0.1878, peak=-0.9611)
[Epoch 44] elapsed: 50.0s
[Epoch 45] train: L=0.2009 (hm=0.0152, pr=0.1857, peak=-0.9691)
[Epoch 45] elapsed: 50.5s
[Epoch 46] train: L=0.1996 (hm=0.0144, pr=0.1852, peak=-0.9804)
[Epoch 46] elapsed: 50.7s
[Epoch 47] train: L=0.2004 (hm=0.0165, pr=0.1839, peak=-0.9724)
[Epoch 47] elapsed: 51.4s
[Epoch 48] train: L=0.1970 (hm=0.0135, pr=0.1835, peak=-0.9755)
[Epoch 48] elapsed: 50.8s
[Epoch 49] train: L=0.1932 (hm=0.0100, pr=0.1833, peak=-0.9712)
[Epoch 49] elapsed: 54.1s
[Epoch 50] train: L=0.1907 (hm=0.0084, pr=0.1823, peak=-0.9789)
          val:  L=18.1256 (hm=17.5184, pr=0.6072)
[Epoch 50] no val improvement (18.1256 >= 16.3205); checkpoint not saved
[Epoch 50] elapsed: 76.1s
[Epoch 51] train: L=0.1901 (hm=0.0083, pr=0.1818, peak=-0.9884)
[Epoch 51] elapsed: 53.5s
[Epoch 52] train: L=0.1889 (hm=0.0073, pr=0.1816, peak=-0.9770)
[Epoch 52] elapsed: 53.7s
[Epoch 53] train: L=0.1883 (hm=0.0077, pr=0.1806, peak=-0.9800)
[Epoch 53] elapsed: 54.0s
[Epoch 54] train: L=0.1911 (hm=0.0110, pr=0.1801, peak=-0.9683)
[Epoch 54] elapsed: 52.3s
[Epoch 55] train: L=0.1895 (hm=0.0101, pr=0.1794, peak=-0.9680)
[Epoch 55] elapsed: 54.7s
[Epoch 56] train: L=0.1902 (hm=0.0109, pr=0.1793, peak=-0.9557)
[Epoch 56] elapsed: 53.3s
[Epoch 57] train: L=0.1879 (hm=0.0090, pr=0.1789, peak=-0.9463)
[Epoch 57] elapsed: 54.0s
[Epoch 58] train: L=0.1870 (hm=0.0086, pr=0.1784, peak=-0.9516)
[Epoch 58] elapsed: 52.4s
[Epoch 59] train: L=0.1864 (hm=0.0085, pr=0.1779, peak=-0.9477)
[Epoch 59] elapsed: 52.7s
[Epoch 60] train: L=0.1860 (hm=0.0080, pr=0.1780, peak=-0.9349)
          val:  L=18.3729 (hm=17.7805, pr=0.5924)
[Epoch 60] no val improvement (18.3729 >= 16.3205); checkpoint not saved
[Epoch 60] elapsed: 76.2s
[Epoch 61] train: L=0.1855 (hm=0.0079, pr=0.1776, peak=-0.9414)
[Epoch 61] elapsed: 53.8s
[Epoch 62] train: L=0.1967 (hm=0.0194, pr=0.1772, peak=-0.9313)
[Epoch 62] elapsed: 53.6s
[Epoch 63] train: L=0.1971 (hm=0.0197, pr=0.1774, peak=-0.9176)
[Epoch 63] elapsed: 52.4s
[Epoch 64] train: L=0.1938 (hm=0.0167, pr=0.1771, peak=-0.9160)
[Epoch 64] elapsed: 53.0s
[Epoch 65] train: L=0.1916 (hm=0.0148, pr=0.1768, peak=-0.9053)
[Epoch 65] elapsed: 53.5s
[Epoch 66] train: L=0.1848 (hm=0.0084, pr=0.1764, peak=-0.9142)
[Epoch 66] elapsed: 53.5s
[Epoch 67] train: L=0.1854 (hm=0.0091, pr=0.1763, peak=-0.9251)
[Epoch 67] elapsed: 53.2s
[Epoch 68] train: L=0.1859 (hm=0.0099, pr=0.1760, peak=-0.9185)
[Epoch 68] elapsed: 53.1s
[Epoch 69] train: L=0.1848 (hm=0.0088, pr=0.1760, peak=-0.9109)
[Epoch 69] elapsed: 53.3s
[Epoch 70] train: L=0.1835 (hm=0.0080, pr=0.1754, peak=-0.9104)
          val:  L=17.6705 (hm=17.0586, pr=0.6119)
[Epoch 70] no val improvement (17.6705 >= 16.3205); checkpoint not saved
[Epoch 70] elapsed: 76.3s
[Epoch 71] train: L=0.1847 (hm=0.0094, pr=0.1753, peak=-0.9115)
[Epoch 71] elapsed: 52.6s
[Epoch 72] train: L=0.1844 (hm=0.0090, pr=0.1754, peak=-0.9110)
[Epoch 72] elapsed: 52.2s
[Epoch 73] train: L=0.1811 (hm=0.0060, pr=0.1751, peak=-0.9096)
[Epoch 73] elapsed: 53.1s
[Epoch 74] train: L=0.1816 (hm=0.0065, pr=0.1750, peak=-0.9027)
[Epoch 74] elapsed: 52.1s
